#
# A fatal error has been detected by the Java Runtime Environment:
#
#  EXCEPTION_ACCESS_VIOLATION (0xc0000005) at pc=0x0000000180017313, pid=10632, tid=11028
#
# JRE version: 6.0_31-b05
# Java VM: Java HotSpot(TM) 64-Bit Server VM (20.6-b01 mixed mode windows-amd64 compressed oops)
# Problematic frame:
# C  [jna2920455797133076484.dll+0x17313]
#
# If you would like to submit a bug report, please visit:
#   http://java.sun.com/webapps/bugreport/crash.jsp
# The crash happened outside the Java Virtual Machine in native code.
# See problematic frame for where to report the bug.
#

---------------  T H R E A D  ---------------

Current thread (0x000000000054b000):  JavaThread "main" [_thread_in_native, id=11028, stack(0x0000000002040000,0x0000000002140000)]

siginfo: ExceptionCode=0xc0000005, reading address 0xffffffffffffffff

Registers:
RAX=0x007200630069004d, RBX=0x00000000db207e80, RCX=0x007200630069004d, RDX=0x007200630069004d
RSP=0x000000000213f628, RBP=0x000000000213f748, RSI=0x00000000db0c6258, RDI=0x0000000002145a53
R8 =0x0000000000000001, R9 =0x0000000000000001, R10=0x0000000002151339, R11=0x000000006da02560
R12=0x0000000000000000, R13=0x00000000db207e80, R14=0x000000000213f778, R15=0x000000000054b000
RIP=0x0000000180017313, EFLAGS=0x0000000000010202

Top of Stack: (sp=0x000000000213f628)
0x000000000213f628:   0000000180001272 000000000054b000
0x000000000213f638:   000000000213f778 00000000db207e80
0x000000000213f648:   0000000000000000 000000000054b000
0x000000000213f658:   000000006d896956 0000000000000000
0x000000000213f668:   000000000054bc40 000000000213f748
0x000000000213f678:   0000000000547640 000000000213f800
0x000000000213f688:   0000000000000000 000000000054bc90
0x000000000213f698:   00000001800060fd 000000000054b1d0
0x000000000213f6a8:   007200630069004d 00000000db0c6201
0x000000000213f6b8:   0000000002145a53 000000000213f7d0
0x000000000213f6c8:   0000000002151366 000000000054b1d0
0x000000000213f6d8:   000000000213f758 007200630069004d
0x000000000213f6e8:   000000000213f701 000000000054bc00
0x000000000213f6f8:   000000000054b000 000000000054bc90
0x000000000213f708:   000000000213f708 00000000db207e80
0x000000000213f718:   000000000213f778 00000000db20c298 

Instructions: (pc=0x0000000180017313)
0x00000001800172f3:   1e 00 00 c7 00 0c 00 00 00 33 c0 48 8b 5c 24 30
0x0000000180017303:   48 8b 74 24 38 48 83 c4 20 5f c3 cc cc 48 8b c1
0x0000000180017313:   0f b7 10 48 83 c0 02 66 85 d2 75 f4 48 2b c1 48
0x0000000180017323:   d1 f8 48 ff c8 c3 cc cc cc 48 8b c4 48 89 50 10 


Register to memory mapping:

RAX=0x007200630069004d is an unknown value
RBX=0x00000000db207e80 is an oop
{method} 
 - klass: {other class}
RCX=0x007200630069004d is an unknown value
RDX=0x007200630069004d is an unknown value
RSP=0x000000000213f628 is pointing into the stack for thread: 0x000000000054b000
RBP=0x000000000213f748 is pointing into the stack for thread: 0x000000000054b000
RSI=0x00000000db0c6258 is an oop
{instance class} 
 - klass: {other class}
RDI=0x0000000002145a53 is an Interpreter codelet
return entry points  [0x00000000021451e0, 0x00000000021467a0]  5568 bytes
R8 =0x0000000000000001 is an unknown value
R9 =0x0000000000000001 is an unknown value
R10=0x0000000002151339 is an Interpreter codelet
method entry point (kind = native)  [0x00000000021510c0, 0x0000000002151940]  2176 bytes
R11=0x000000006da02560 is an unknown value
R12=0x0000000000000000 is an unknown value
R13=0x00000000db207e80 is an oop
{method} 
 - klass: {other class}
R14=0x000000000213f778 is pointing into the stack for thread: 0x000000000054b000
R15=0x000000000054b000 is a thread


Stack: [0x0000000002040000,0x0000000002140000],  sp=0x000000000213f628,  free space=1021k
Native frames: (J=compiled Java code, j=interpreted, Vv=VM code, C=native code)
C  [jna2920455797133076484.dll+0x17313]  Java_com_sun_jna_Native_initialize_1ffi_1type+0x9f03
j  com.sun.jna.Pointer.getString(JZ)Ljava/lang/String;+7
j  com.sun.jna.Pointer.getStringArray(JIZ)[Ljava/lang/String;+129
j  com.sun.jna.Pointer.getStringArray(JZ)[Ljava/lang/String;+4
j  WindowsApplicationInfoReader.getFilePropertyValue(Ljava/lang/String;ILjava/lang/String;Ljava/lang/String;)Ljava/lang/String;+97
j  WindowsApplicationInfoReader.main([Ljava/lang/String;)V+131
v  ~StubRoutines::call_stub
V  [jvm.dll+0x1e9da7]

Java frames: (J=compiled Java code, j=interpreted, Vv=VM code)
j  com.sun.jna.Native.getString(JZ)Ljava/lang/String;+0
j  com.sun.jna.Pointer.getString(JZ)Ljava/lang/String;+7
j  com.sun.jna.Pointer.getStringArray(JIZ)[Ljava/lang/String;+129
j  com.sun.jna.Pointer.getStringArray(JZ)[Ljava/lang/String;+4
j  WindowsApplicationInfoReader.getFilePropertyValue(Ljava/lang/String;ILjava/lang/String;Ljava/lang/String;)Ljava/lang/String;+97
j  WindowsApplicationInfoReader.main([Ljava/lang/String;)V+131
v  ~StubRoutines::call_stub

---------------  P R O C E S S  ---------------

Java Threads: ( => current thread )
  0x0000000005c73000 JavaThread "Low Memory Detector" daemon [_thread_blocked, id=10400, stack(0x0000000006210000,0x0000000006310000)]
  0x0000000005c62000 JavaThread "C2 CompilerThread1" daemon [_thread_blocked, id=11056, stack(0x0000000006110000,0x0000000006210000)]
  0x00000000003e8000 JavaThread "C2 CompilerThread0" daemon [_thread_blocked, id=10592, stack(0x0000000006010000,0x0000000006110000)]
  0x00000000003e5000 JavaThread "Attach Listener" daemon [_thread_blocked, id=11152, stack(0x0000000005f10000,0x0000000006010000)]
  0x00000000003e4000 JavaThread "Signal Dispatcher" daemon [_thread_blocked, id=4924, stack(0x0000000005e10000,0x0000000005f10000)]
  0x00000000003d0000 JavaThread "Finalizer" daemon [_thread_blocked, id=11216, stack(0x0000000005b10000,0x0000000005c10000)]
  0x00000000003c7000 JavaThread "Reference Handler" daemon [_thread_blocked, id=11196, stack(0x0000000005a10000,0x0000000005b10000)]
=>0x000000000054b000 JavaThread "main" [_thread_in_native, id=11028, stack(0x0000000002040000,0x0000000002140000)]

Other Threads:
  0x00000000003be800 VMThread [stack: 0x0000000005910000,0x0000000005a10000] [id=9860]
  0x0000000005c7c000 WatcherThread [stack: 0x0000000006310000,0x0000000006410000] [id=8600]

VM state:not at safepoint (normal execution)

VM Mutex/Monitor currently owned by a thread: None

Heap
 PSYoungGen      total 9536K, used 2279K [0x00000000f5560000, 0x00000000f6000000, 0x0000000100000000)
  eden space 8192K, 27% used [0x00000000f5560000,0x00000000f5799cd8,0x00000000f5d60000)
  from space 1344K, 0% used [0x00000000f5eb0000,0x00000000f5eb0000,0x00000000f6000000)
  to   space 1344K, 0% used [0x00000000f5d60000,0x00000000f5d60000,0x00000000f5eb0000)
 PSOldGen        total 21888K, used 0K [0x00000000e0000000, 0x00000000e1560000, 0x00000000f5560000)
  object space 21888K, 0% used [0x00000000e0000000,0x00000000e0000000,0x00000000e1560000)
 PSPermGen       total 21248K, used 6008K [0x00000000dae00000, 0x00000000dc2c0000, 0x00000000e0000000)
  object space 21248K, 28% used [0x00000000dae00000,0x00000000db3de1b0,0x00000000dc2c0000)

Code Cache  [0x0000000002140000, 0x00000000023b0000, 0x0000000005140000)
 total_blobs=246 nmethods=9 adapters=191 free_code_cache=49894272 largest_free_block=8320

Dynamic libraries:
0x0000000000400000 - 0x000000000042f000 	C:\Program Files\Java\jre6\bin\javaw.exe
0x0000000077c50000 - 0x0000000077df9000 	C:\Windows\SYSTEM32\ntdll.dll
0x00000000779d0000 - 0x0000000077aef000 	C:\Windows\system32\kernel32.dll
0x000007fefe3b0000 - 0x000007fefe41c000 	C:\Windows\system32\KERNELBASE.dll
0x000007feffd60000 - 0x000007feffe3b000 	C:\Windows\system32\ADVAPI32.dll
0x000007feff7e0000 - 0x000007feff87f000 	C:\Windows\system32\msvcrt.dll
0x000007fefe520000 - 0x000007fefe53f000 	C:\Windows\SYSTEM32\sechost.dll
0x000007feff6b0000 - 0x000007feff7dd000 	C:\Windows\system32\RPCRT4.dll
0x0000000077780000 - 0x000000007787a000 	C:\Windows\system32\USER32.dll
0x000007feffb90000 - 0x000007feffbf7000 	C:\Windows\system32\GDI32.dll
0x000007fefff50000 - 0x000007fefff5e000 	C:\Windows\system32\LPK.dll
0x000007feffe70000 - 0x000007fefff39000 	C:\Windows\system32\USP10.dll
0x000007feffe40000 - 0x000007feffe6e000 	C:\Windows\system32\IMM32.DLL
0x000007feffc50000 - 0x000007feffd59000 	C:\Windows\system32\MSCTF.dll
0x000000006d800000 - 0x000000006dfb8000 	C:\Program Files\Java\jre6\bin\server\jvm.dll
0x000007fefbe30000 - 0x000007fefbe6b000 	C:\Windows\system32\WINMM.dll
0x000000006d770000 - 0x000000006d77e000 	C:\Program Files\Java\jre6\bin\verify.dll
0x000000006d3b0000 - 0x000000006d3d7000 	C:\Program Files\Java\jre6\bin\java.dll
0x000000006d7c0000 - 0x000000006d7d2000 	C:\Program Files\Java\jre6\bin\zip.dll
0x000000006d000000 - 0x000000006d1c4000 	C:\Program Files\Java\jre6\bin\awt.dll
0x000007fef9220000 - 0x000007fef9291000 	C:\Windows\system32\WINSPOOL.DRV
0x000007feff980000 - 0x000007feffb83000 	C:\Windows\system32\ole32.dll
0x000007fefe5e0000 - 0x000007feff368000 	C:\Windows\system32\SHELL32.dll
0x000007feff370000 - 0x000007feff3e1000 	C:\Windows\system32\SHLWAPI.dll
0x000007fefcc70000 - 0x000007fefce64000 	C:\Windows\WinSxS\amd64_microsoft.windows.common-controls_6595b64144ccf1df_6.0.7601.17514_none_fa396087175ac9ac\COMCTL32.dll
0x000007fefd920000 - 0x000007fefd937000 	C:\Windows\system32\CRYPTSP.dll
0x000007fefd630000 - 0x000007fefd677000 	C:\Windows\system32\rsaenh.dll
0x000007fefd3f0000 - 0x000007fefd40e000 	C:\Windows\system32\USERENV.dll
0x000007fefe0b0000 - 0x000007fefe0bf000 	C:\Windows\system32\profapi.dll
0x000007fefdfa0000 - 0x000007fefdfaf000 	C:\Windows\system32\CRYPTBASE.dll
0x000000006d610000 - 0x000000006d627000 	C:\Program Files\Java\jre6\bin\net.dll
0x000007feffc00000 - 0x000007feffc4d000 	C:\Windows\system32\WS2_32.dll
0x000007fefff40000 - 0x000007fefff48000 	C:\Windows\system32\NSI.dll
0x000007fefd8c0000 - 0x000007fefd915000 	C:\Windows\system32\mswsock.dll
0x000007fefdb30000 - 0x000007fefdb37000 	C:\Windows\System32\wship6.dll
0x000007fefbcb0000 - 0x000007fefbcc5000 	C:\Windows\system32\NLAapi.dll
0x000007fef66a0000 - 0x000007fef66b5000 	C:\Windows\system32\napinsp.dll
0x000007fef6680000 - 0x000007fef6699000 	C:\Windows\system32\pnrpnsp.dll
0x000007fefd750000 - 0x000007fefd7ab000 	C:\Windows\system32\DNSAPI.dll
0x000007fef6b30000 - 0x000007fef6b3b000 	C:\Windows\System32\winrnr.dll
0x000007fefd240000 - 0x000007fefd247000 	C:\Windows\System32\wshtcpip.dll
0x000007fefd340000 - 0x000007fefd367000 	C:\Windows\system32\IPHLPAPI.DLL
0x000007fefd330000 - 0x000007fefd33b000 	C:\Windows\system32\WINNSI.DLL
0x000007fef9660000 - 0x000007fef9668000 	C:\Windows\system32\rasadhlp.dll
0x000007fefb570000 - 0x000007fefb5c3000 	C:\Windows\System32\fwpuclnt.dll
0x0000000180000000 - 0x0000000180038000 	C:\Users\Scott\AppData\Local\Temp\jna\jna2920455797133076484.dll
0x0000000077e10000 - 0x0000000077e17000 	C:\Windows\system32\PSAPI.DLL
0x000007fefd370000 - 0x000007fefd37c000 	C:\Windows\system32\version.dll

VM Arguments:
jvm_args: -Dfile.encoding=Cp1252 
java_command: WindowsApplicationInfoReader
Launcher Type: SUN_STANDARD

Environment Variables:
PATH=C:\Python25\;C:\Windows\system32;C:\Windows;C:\Windows\System32\Wbem;C:\Windows\System32\WindowsPowerShell\v1.0\;C:\Program Files (x86)\GtkSharp\2.12\bin;C:\Program Files (x86)\Git\cmd;C:\Ice-3.3.1\bin;C:\Program Files\Microsoft Windows Performance Toolkit\;c:\Program Files (x86)\Microsoft ASP.NET\ASP.NET Web Pages\v1.0\;;C:\Users\Scott\AppData\Local\openwrap
USERNAME=Scott
OS=Windows_NT
PROCESSOR_IDENTIFIER=Intel64 Family 6 Model 42 Stepping 7, GenuineIntel



---------------  S Y S T E M  ---------------

OS: Windows 7 , 64 bit Build 7601 Service Pack 1

CPU:total 2 (2 cores per cpu, 1 threads per core) family 6 model 42 stepping 7, cmov, cx8, fxsr, mmx, sse, sse2, sse3, ssse3

Memory: 4k page, physical 2096696k(448872k free), swap 8352624k(123688k free)

vm_info: Java HotSpot(TM) 64-Bit Server VM (20.6-b01) for windows-amd64 JRE (1.6.0_31-b05), built on Feb  3 2012 18:34:57 by "java_re" with MS VC++ 8.0 (VS2005)

time: Thu Mar 29 10:34:22 2012
elapsed time: 0 seconds

